Removed Pin From Net: NetName=GND Pin=C1-1
Removed Pin From Net: NetName=GND Pin=C3-1
Removed Pin From Net: NetName=GND Pin=C8-2
Removed Pin From Net: NetName=5V Pin=C11-2
Removed Pin From Net: NetName=GND Pin=C28-1
Removed Pin From Net: NetName=5V Pin=C28-2
Removed Pin From Net: NetName=5V Pin=D1-C
Removed Pin From Net: NetName=GND Pin=D11-1
Removed Pin From Net: NetName=GPIO_N Pin=D11-2
Removed Pin From Net: NetName=KEY_RESET Pin=D12-2
Removed Pin From Net: NetName=5V Pin=D19-C
Removed Pin From Net: NetName=5V Pin=D23-C
Removed Pin From Net: NetName=GND Pin=D27-1
Removed Pin From Net: NetName=GPIO_P Pin=D27-2
Removed Pin From Net: NetName=GND Pin=D28-1
Removed Pin From Net: NetName=5V Pin=F1-1
Removed Pin From Net: NetName=GND Pin=F1-2
Removed Pin From Net: NetName=ONEWIRE Pin=J-1
Removed Pin From Net: NetName=MISO Pin=J-2
Removed Pin From Net: NetName=MOSI Pin=J-3
Removed Pin From Net: NetName=SCK Pin=J-4
Removed Pin From Net: NetName=SCL Pin=J-7
Removed Pin From Net: NetName=SDA Pin=J-8
Removed Pin From Net: NetName=3V3 Pin=J-9
Removed Pin From Net: NetName=12V Pin=J-10
Removed Pin From Net: NetName=3V3 Pin=Jumper-2
Removed Pin From Net: NetName=GND Pin=R41-1
Removed Pin From Net: NetName=GND Pin=R43-2
Removed Pin From Net: NetName=GND Pin=R44-2
Removed Pin From Net: NetName=3V3 Pin=R64-1
Removed Pin From Net: NetName=KEY_RESET Pin=RESET SW1-2
Removed Pin From Net: NetName=GND Pin=U1-1
Removed Pin From Net: NetName=GND Pin=U1-2
Removed Pin From Net: NetName=GND Pin=U2-1
Removed Pin From Net: NetName=GND Pin=USB5-A1_B12
Removed Pin From Net: NetName=GPIO_P Pin=USB5-A6
Removed Pin From Net: NetName=GPIO_N Pin=USB5-A7
Removed Pin From Net: NetName=GND Pin=USB5-B1_A12
Removed Pin From Net: NetName=GPIO_P Pin=USB5-B6
Removed Pin From Net: NetName=GPIO_N Pin=USB5-B7
Removed Member From Class: ClassName=ec200u main Member=C28
Removed Member From Class: ClassName=ec200u main Member=D23
Removed Member From Class: ClassName=ec200u main Member=D26
Removed Member From Class: ClassName=ec200u main Member=D27
Removed Member From Class: ClassName=ec200u main Member=D28
Removed Member From Class: ClassName=ec200u main Member=J
Removed Member From Class: ClassName=ec200u main Member=Jumper
Removed Member From Class: ClassName=ec200u main Member=Q19
Removed Member From Class: ClassName=ec200u main Member=R63
Removed Member From Class: ClassName=ec200u main Member=R64
Removed Member From Class: ClassName=ec200u main Member=R65
Removed Member From Class: ClassName=ec200u main Member=R66
Removed Member From Class: ClassName=ec200u main Member=R67
Removed Member From Class: ClassName=ec200u main Member=R68
Removed Member From Class: ClassName=ec200u main Member=R69
Removed Member From Class: ClassName=ec200u main Member=R70
Removed Member From Class: ClassName=ec200u main Member=R71
Removed Member From Class: ClassName=ec200u main Member=R72
Removed Member From Class: ClassName=ec200u main Member=USB5
Change Component Designator: OldDesignator=C1 NewDesignator=C7
Change Component Designator: OldDesignator=C2 NewDesignator=C9
Change Component Designator: OldDesignator=C3 NewDesignator=C4
Change Component Designator: OldDesignator=C4 NewDesignator=C15
Change Component Designator: OldDesignator=C7 NewDesignator=C3
Change Component Designator: OldDesignator=C9 NewDesignator=C10
Change Component Designator: OldDesignator=C10 NewDesignator=C19
Change Component Designator: OldDesignator=C11 NewDesignator=C24
Change Component Designator: OldDesignator=C12 NewDesignator=C17
Change Component Designator: OldDesignator=C13 NewDesignator=C16
Change Component Designator: OldDesignator=C15 NewDesignator=C2
Change Component Designator: OldDesignator=C17 NewDesignator=C1
Change Component Designator: OldDesignator=C19 NewDesignator=C22
Change Component Designator: OldDesignator=C20 NewDesignator=C23
Change Component Designator: OldDesignator=C21 NewDesignator=C18
Change Component Designator: OldDesignator=C22 NewDesignator=C11
Change Component Designator: OldDesignator=C23 NewDesignator=C12
Change Component Designator: OldDesignator=C24 NewDesignator=C13
Change Component Designator: OldDesignator=C25 NewDesignator=C14
Change Component Designator: OldDesignator=C26 NewDesignator=C20
Change Component Designator: OldDesignator=C27 NewDesignator=C21
Change Component Designator: OldDesignator=D2 NewDesignator=D7
Change Component Designator: OldDesignator=D3 NewDesignator=D4
Change Component Designator: OldDesignator=D4 NewDesignator=D5
Change Component Designator: OldDesignator=D5 NewDesignator=D6
Change Component Designator: OldDesignator=D6 NewDesignator=D11
Change Component Designator: OldDesignator=D7 NewDesignator=D3
Change Component Designator: OldDesignator=D8 NewDesignator=D10
Change Component Designator: OldDesignator=D10 NewDesignator=D8
Change Component Designator: OldDesignator=D12 NewDesignator=D2
Change Component Designator: OldDesignator=D16 NewDesignator=D1
Change Component Designator: OldDesignator=D19 NewDesignator=D12
Change Component Designator: OldDesignator=D20 NewDesignator=D13
Change Component Designator: OldDesignator=D21 NewDesignator=D14
Change Component Designator: OldDesignator=D22 NewDesignator=D15
Change Component Designator: OldDesignator=D23 NewDesignator=D16
Change Component Designator: OldDesignator=D24 NewDesignator=D17
Change Component Designator: OldDesignator=D25 NewDesignator=D18
Change Component Designator: OldDesignator=D26 NewDesignator=D19
Change Component Designator: OldDesignator=F2 NewDesignator=F1
Change Component Designator: OldDesignator=H1 NewDesignator=H2
Change Component Designator: OldDesignator=H2 NewDesignator=H1
Change Component Designator: OldDesignator=L1 NewDesignator=L3
Change Component Designator: OldDesignator=L3 NewDesignator=L1
Change Component Designator: OldDesignator=LED1 NewDesignator=LED2
Change Component Designator: OldDesignator=LED2 NewDesignator=LED1
Change Component Designator: OldDesignator=Q5 NewDesignator=Q7
Change Component Designator: OldDesignator=Q8 NewDesignator=Q6
Change Component Designator: OldDesignator=Q9 NewDesignator=Q5
Change Component Designator: OldDesignator=Q10 NewDesignator=Q2
Change Component Designator: OldDesignator=Q11 NewDesignator=Q1
Change Component Designator: OldDesignator=Q12 NewDesignator=Q3
Change Component Designator: OldDesignator=Q13 NewDesignator=Q4
Change Component Designator: OldDesignator=Q18 NewDesignator=Q8
Change Component Designator: OldDesignator=Q19 NewDesignator=Q9
Change Component Designator: OldDesignator=R1 NewDesignator=R26
Change Component Designator: OldDesignator=R2 NewDesignator=R28
Change Component Designator: OldDesignator=R3 NewDesignator=R16
Change Component Designator: OldDesignator=R4 NewDesignator=R15
Change Component Designator: OldDesignator=R5 NewDesignator=R10
Change Component Designator: OldDesignator=R6 NewDesignator=R24
Change Component Designator: OldDesignator=R7 NewDesignator=R13
Change Component Designator: OldDesignator=R8 NewDesignator=R17
Change Component Designator: OldDesignator=R9 NewDesignator=R11
Change Component Designator: OldDesignator=R10 NewDesignator=R3
Change Component Designator: OldDesignator=R11 NewDesignator=R8
Change Component Designator: OldDesignator=R12 NewDesignator=R23
Change Component Designator: OldDesignator=R13 NewDesignator=R40
Change Component Designator: OldDesignator=R14 NewDesignator=R39
Change Component Designator: OldDesignator=R15 NewDesignator=R21
Change Component Designator: OldDesignator=R16 NewDesignator=R25
Change Component Designator: OldDesignator=R17 NewDesignator=R20
Change Component Designator: OldDesignator=R18 NewDesignator=R1
Change Component Designator: OldDesignator=R19 NewDesignator=R5
Change Component Designator: OldDesignator=R20 NewDesignator=R2
Change Component Designator: OldDesignator=R21 NewDesignator=R37
Change Component Designator: OldDesignator=R22 NewDesignator=R9
Change Component Designator: OldDesignator=R23 NewDesignator=R41
Change Component Designator: OldDesignator=R24 NewDesignator=R38
Change Component Designator: OldDesignator=R25 NewDesignator=R12
Change Component Designator: OldDesignator=R26 NewDesignator=R4
Change Component Designator: OldDesignator=R27 NewDesignator=R42
Change Component Designator: OldDesignator=R28 NewDesignator=R7
Change Component Designator: OldDesignator=R29 NewDesignator=R6
Change Component Designator: OldDesignator=R30 NewDesignator=R14
Change Component Designator: OldDesignator=R31 NewDesignator=R27
Change Component Designator: OldDesignator=R32 NewDesignator=R43
Change Component Designator: OldDesignator=R33 NewDesignator=R44
Change Component Designator: OldDesignator=R34 NewDesignator=R47
Change Component Designator: OldDesignator=R35 NewDesignator=R46
Change Component Designator: OldDesignator=R36 NewDesignator=R22
Change Component Designator: OldDesignator=R37 NewDesignator=R45
Change Component Designator: OldDesignator=R38 NewDesignator=R49
Change Component Designator: OldDesignator=R39 NewDesignator=R50
Change Component Designator: OldDesignator=R40 NewDesignator=R51
Change Component Designator: OldDesignator=R42 NewDesignator=R48
Change Component Designator: OldDesignator=R63 NewDesignator=R18
Change Component Designator: OldDesignator=R64 NewDesignator=R31
Change Component Designator: OldDesignator=R65 NewDesignator=R32
Change Component Designator: OldDesignator=R66 NewDesignator=R33
Change Component Designator: OldDesignator=R67 NewDesignator=R34
Change Component Designator: OldDesignator=R68 NewDesignator=R35
Change Component Designator: OldDesignator=R69 NewDesignator=R36
Change Component Designator: OldDesignator=R70 NewDesignator=R19
Change Component Designator: OldDesignator=R71 NewDesignator=R29
Change Component Designator: OldDesignator=R72 NewDesignator=R30
Change Component Designator: OldDesignator=U1 NewDesignator=U3
Change Component Designator: OldDesignator=U2 NewDesignator=U1
Change Component Designator: OldDesignator=U3 NewDesignator=U6
Change Component Designator: OldDesignator=U5 NewDesignator=U2
Change Component Designator: OldDesignator=U6 NewDesignator=U4
Change Component Designator: OldDesignator=U8 NewDesignator=U5
Change Component Designator: OldDesignator=U9 NewDesignator=U8
Change Component Designator: OldDesignator=USB2 NewDesignator=USB1
Change Component Designator: OldDesignator=USB3 NewDesignator=USB2
Change Component Designator: OldDesignator=Y2 NewDesignator=Y1
Added Component: Designator=F2(RESC3216X125N)
Add component (AddParameter): Name = "Data"; Value = "28-12-2016"; VariantName = "[No Variations]"
Add component (AddParameter): Name = "Desc."; Value = "fuse with holder pins 5x20"; VariantName = "[No Variations]"
Add component (AddParameter): Name = "Designer"; Value = "Abbas Basereh"; VariantName = "[No Variations]"
Add component (AddParameter): Name = "Link"; Value = ""; VariantName = "[No Variations]"
Add component (AddParameter): Name = "Manufacturer"; Value = ""; VariantName = "[No Variations]"
Add component (AddParameter): Name = "Part. No"; Value = ""; VariantName = "[No Variations]"
Added Component: Designator=F3(RESC3216X125N)
Add component (AddParameter): Name = "Data"; Value = "28-12-2016"; VariantName = "[No Variations]"
Add component (AddParameter): Name = "Desc."; Value = "fuse with holder pins 5x20"; VariantName = "[No Variations]"
Add component (AddParameter): Name = "Designer"; Value = "Abbas Basereh"; VariantName = "[No Variations]"
Add component (AddParameter): Name = "Link"; Value = ""; VariantName = "[No Variations]"
Add component (AddParameter): Name = "Manufacturer"; Value = ""; VariantName = "[No Variations]"
Add component (AddParameter): Name = "Part. No"; Value = ""; VariantName = "[No Variations]"
Added Component: Designator=P1(HDR1X14)
Add component (AddParameter): Name = "LatestRevisionDate"; Value = "17-Jul-2002"; VariantName = "[No Variations]"
Add component (AddParameter): Name = "LatestRevisionNote"; Value = "Re-released for DXP Platform."; VariantName = "[No Variations]"
Add component (AddParameter): Name = "Publisher"; Value = "Altium Limited"; VariantName = "[No Variations]"
Added Component: Designator=Power 1(HDR1X2)
Add component (AddParameter): Name = "LatestRevisionDate"; Value = "17-Jul-2002"; VariantName = "[No Variations]"
Add component (AddParameter): Name = "LatestRevisionNote"; Value = "Re-released for DXP Platform."; VariantName = "[No Variations]"
Add component (AddParameter): Name = "Publisher"; Value = "Altium Limited"; VariantName = "[No Variations]"
Added Component: Designator=Power 2(HDR1X2)
Add component (AddParameter): Name = "LatestRevisionDate"; Value = "17-Jul-2002"; VariantName = "[No Variations]"
Add component (AddParameter): Name = "LatestRevisionNote"; Value = "Re-released for DXP Platform."; VariantName = "[No Variations]"
Add component (AddParameter): Name = "Publisher"; Value = "Altium Limited"; VariantName = "[No Variations]"
Added Pin To Net: NetName=5V Pin=C4-1
Added Pin To Net: NetName=5V Pin=C7-1
Added Pin To Net: NetName=5V Pin=C8-2
Added Pin To Net: NetName=5V Pin=F2-2
Added Pin To Net: NetName=ONEWIRE Pin=P1-1
Added Pin To Net: NetName=MISO Pin=P1-2
Added Pin To Net: NetName=MOSI Pin=P1-3
Added Pin To Net: NetName=SCK Pin=P1-4
Added Pin To Net: NetName=SCL Pin=P1-7
Added Pin To Net: NetName=SDA Pin=P1-8
Added Pin To Net: NetName=GPIO_N Pin=P1-9
Added Pin To Net: NetName=GPIO_P Pin=P1-10
Added Pin To Net: NetName=3V3 Pin=P1-13
Added Pin To Net: NetName=5V Pin=P1-14
Added Pin To Net: NetName=GND Pin=Power 1-1
Added Pin To Net: NetName=12V Pin=Power 1-2
Added Pin To Net: NetName=GND Pin=Power 2-1
Added Pin To Net: NetName=5V Pin=Power 2-2
Added Pin To Net: NetName=3V3 Pin=R27-2
Added Pin To Net: NetName=5V Pin=U1-1
Added Pin To Net: NetName=5V Pin=U3-1
Added Pin To Net: NetName=5V Pin=U3-2
Added Pin To Net: NetName=3V3 Pin=U5-2
Change Net Name : Old Net Name=NetC7_2 New Net Name=NetC3_2
Change Net Name : Old Net Name=NetC17_1 New Net Name=NetC1_1
Change Net Name : Old Net Name=NetC20_2 New Net Name=NetC23_2
Change Net Name : Old Net Name=NetC25_1 New Net Name=NetC14_1
Change Net Name : Old Net Name=NetC26_1 New Net Name=NetC20_1
Change Net Name : Old Net Name=NetC27_2 New Net Name=NetC21_2
Change Net Name : Old Net Name=NetD7_A New Net Name=NetD3_A
Change Net Name : Old Net Name=NetLED1_2 New Net Name=NetLED2_2
Change Net Name : Old Net Name=NetLED2_2 New Net Name=NetLED1_2
Change Net Name : Old Net Name=NetQ5_3 New Net Name=NetQ7_3
Change Net Name : Old Net Name=NetQ8_3 New Net Name=NetQ6_3
Change Net Name : Old Net Name=NetQ9_3 New Net Name=NetQ5_3
Change Net Name : Old Net Name=NetQ10_1 New Net Name=NetQ2_1
Change Net Name : Old Net Name=NetQ10_3 New Net Name=NetQ2_3
Change Net Name : Old Net Name=NetQ11_1 New Net Name=NetQ1_1
Change Net Name : Old Net Name=NetQ11_3 New Net Name=NetQ1_3
Change Net Name : Old Net Name=NetQ12_1 New Net Name=NetQ3_1
Change Net Name : Old Net Name=NetQ13_1 New Net Name=NetQ4_1
Change Net Name : Old Net Name=NetQ18_1 New Net Name=NetQ8_1
Change Net Name : Old Net Name=NetQ19_1 New Net Name=NetQ9_1
Change Net Name : Old Net Name=NetQ19_3 New Net Name=NetQ9_3
Change Net Name : Old Net Name=NetR16_2 New Net Name=NetR20_1
Change Net Name : Old Net Name=NetR18_2 New Net Name=NetR1_2
Change Net Name : Old Net Name=NetR23_1 New Net Name=NetR41_1
Change Net Name : Old Net Name=NetR32_2 New Net Name=NetR43_2
Change Net Name : Old Net Name=NetR33_1 New Net Name=NetR44_1
Change Net Name : Old Net Name=NetR34_2 New Net Name=NetR47_2
Change Net Name : Old Net Name=NetR35_2 New Net Name=NetR46_2
Change Net Name : Old Net Name=NetR37_1 New Net Name=NetR45_1
Change Net Name : Old Net Name=NetR38_2 New Net Name=NetR49_2
Change Net Name : Old Net Name=NetR39_1 New Net Name=NetR50_1
Change Net Name : Old Net Name=NetR40_1 New Net Name=NetR51_1
Change Net Name : Old Net Name=NetR64_2 New Net Name=NetR31_2
Change Net Name : Old Net Name=NetR66_2 New Net Name=NetR33_2
Change Net Name : Old Net Name=NetR71_2 New Net Name=NetR29_2
Change Net Name : Old Net Name=NetR72_1 New Net Name=NetR30_1
Change Net Name : Old Net Name=VBUSA New Net Name=NetD12_A
Added Pin To Net: NetName=ADC1 Pin=P1-11
Added Pin To Net: NetName=ADC1 Pin=U5-8
Added Net: Name=ADC1
Added Pin To Net: NetName=IO8 Pin=P1-6
Added Pin To Net: NetName=IO8 Pin=R31-1
Added Net: Name=IO8
Added Pin To Net: NetName=IO9 Pin=P1-12
Added Pin To Net: NetName=IO9 Pin=Q8-3
Added Pin To Net: NetName=IO9 Pin=R33-1
Added Net: Name=IO9
Added Pin To Net: NetName=IO11 Pin=P1-5
Added Pin To Net: NetName=IO11 Pin=U5-12
Added Net: Name=IO11
Added Pin To Net: NetName=NetC24_2 Pin=C24-2
Added Pin To Net: NetName=NetC24_2 Pin=F3-2
Added Net: Name=NetC24_2
Added Pin To Net: NetName=NetD2_2 Pin=D2-2
Added Pin To Net: NetName=NetD2_2 Pin=RESET SW1-2
Added Net: Name=NetD2_2
Added Pin To Net: NetName=NetD12_C Pin=D12-C
Added Pin To Net: NetName=NetD12_C Pin=F2-1
Added Net: Name=NetD12_C
Added Pin To Net: NetName=NetD16_C Pin=D16-C
Added Pin To Net: NetName=NetD16_C Pin=F3-1
Added Net: Name=NetD16_C
Added Member To Class: ClassName=ec200u main Member=Component C15 1uF
Added Member To Class: ClassName=ec200u main Member=Component C16 100nF
Added Member To Class: ClassName=ec200u main Member=Component C19 10Uf
Added Member To Class: ClassName=ec200u main Member=Component F2 F=1.0 A
Added Member To Class: ClassName=ec200u main Member=Component F3 F=1.0 A
Added Member To Class: ClassName=ec200u main Member=Component P1 Header 14
Added Member To Class: ClassName=ec200u main Member=Component Power 1 Header 2
Added Member To Class: ClassName=ec200u main Member=Component Power 2 Header 2
Added Member To Class: ClassName=ec200u main Member=Component Q7 BSS138
Added Member To Class: ClassName=ec200u main Member=Component R45 0
Added Member To Class: ClassName=ec200u main Member=Component R46 4.7K
Added Member To Class: ClassName=ec200u main Member=Component R47 0
Added Member To Class: ClassName=ec200u main Member=Component R48 0
Added Member To Class: ClassName=ec200u main Member=Component R49 5.1K
Added Member To Class: ClassName=ec200u main Member=Component R50 5.1K
Added Member To Class: ClassName=ec200u main Member=Component R51 0
Added Member To Class: ClassName=ec200u main Member=Component RESET SW1 Switch PB
Added Member To Class: ClassName=ec200u main Member=Component U3 MIC29302WU-TR
Added Member To Class: ClassName=ec200u main Member=Component U6 TXS0108EPWR
Added Room: Name=ec200u main
