Change Net Name : Old Net Name=NetC1_1 New Net Name=NetC102_063_1
Change Net Name : Old Net Name=NetC3_2 New Net Name=NetC116_050_2
Change Net Name : Old Net Name=NetC14_1 New Net Name=NetC140_086_1
Change Net Name : Old Net Name=NetC20_1 New Net Name=NetC172_067_1
Change Net Name : Old Net Name=NetC21_2 New Net Name=NetC172_070_2
Change Net Name : Old Net Name=NetC23_2 New Net Name=NetC115_059_2
Change Net Name : Old Net Name=NetCN1_1 New Net Name=NetCN137_048_1
Change Net Name : Old Net Name=NetCN1_2 New Net Name=NetCN137_048_2
Change Net Name : Old Net Name=NetCN1_3 New Net Name=NetCN137_048_3
Change Net Name : Old Net Name=NetD3_K New Net Name=NetD096_110_K
Change Net Name : Old Net Name=NetD12_A New Net Name=NetD171_055_2
Change Net Name : Old Net Name=NetD12_C New Net Name=NetD177_056_C
Change Net Name : Old Net Name=NetD16_C New Net Name=NetD109_099_C
Change Net Name : Old Net Name=NetESP STATUS1_2 New Net Name=NetESP STATUS157_129_2
Change Net Name : Old Net Name=NetL2_2 New Net Name=NetL117_047_2
Change Net Name : Old Net Name=NetLED1_2 New Net Name=NetLED132_129_2
Change Net Name : Old Net Name=NetLED2_2 New Net Name=NetLED137_129_2
Change Net Name : Old Net Name=NetNET MODE1_2 New Net Name=NetNET MODE152_129_2
Change Net Name : Old Net Name=NetNET STATUS1_2 New Net Name=NetNET STATUS142_129_2
Change Net Name : Old Net Name=NetQ1_1 New Net Name=NetQ132_108_1
Change Net Name : Old Net Name=NetQ1_3 New Net Name=NetQ132_108_3
Change Net Name : Old Net Name=NetQ2_1 New Net Name=NetQ137_110_1
Change Net Name : Old Net Name=NetQ2_3 New Net Name=NetQ137_110_3
Change Net Name : Old Net Name=NetQ3_1 New Net Name=NetQ-281_541_1
Change Net Name : Old Net Name=NetQ4_1 New Net Name=NetQ-291_-335_1
Change Net Name : Old Net Name=NetQ5_3 New Net Name=NetQ-272_-363_3
Change Net Name : Old Net Name=NetQ6_3 New Net Name=NetQ-272_-356_3
Change Net Name : Old Net Name=NetQ7_3 New Net Name=NetQ-272_-351_3
Change Net Name : Old Net Name=NetQ8_1 New Net Name=NetQ144_080_1
Change Net Name : Old Net Name=NetQ9_1 New Net Name=NetQ144_084_1
Change Net Name : Old Net Name=NetQ9_3 New Net Name=NetQ144_084_3
Change Net Name : Old Net Name=NetR1_2 New Net Name=NetR132_113_2
Change Net Name : Old Net Name=NetR20_1 New Net Name=NetR127_115_1
Change Net Name : Old Net Name=NetR29_2 New Net Name=NetR167_074_2
Change Net Name : Old Net Name=NetR30_1 New Net Name=NetR131_101_1
Change Net Name : Old Net Name=NetR33_2 New Net Name=NetR150_084_2
Change Net Name : Old Net Name=NetR41_1 New Net Name=NetR171_103_1
Change Net Name : Old Net Name=NetR43_2 New Net Name=NetR174_055_2
Change Net Name : Old Net Name=NetR44_1 New Net Name=NetR174_058_1
Change Net Name : Old Net Name=NetR45_1 New Net Name=NetR156_075_1
Change Net Name : Old Net Name=NetR46_2 New Net Name=NetR115_095_2
Change Net Name : Old Net Name=NetR47_2 New Net Name=NetR119_095_2
Change Net Name : Old Net Name=NetR49_2 New Net Name=NetR102_093_2
Change Net Name : Old Net Name=NetR50_1 New Net Name=NetR102_097_1
Change Net Name : Old Net Name=NetR51_1 New Net Name=NetR102_095_1
Added Room: Name=ec200u main
