Change Component Designator: OldDesignator=ANT DIV1 NewDesignator=ANT DIV125_048
Change Component Designator: OldDesignator=C1 NewDesignator=C102_063
Change Component Designator: OldDesignator=C2 NewDesignator=C112_050
Change Component Designator: OldDesignator=C3 NewDesignator=C116_050
Change Component Designator: OldDesignator=C5 NewDesignator=C122_105
Change Component Designator: OldDesignator=C6 NewDesignator=C148_058
Change Component Designator: OldDesignator=C7 NewDesignator=C130_110
Change Component Designator: OldDesignator=C8 NewDesignator=C118_111
Change Component Designator: OldDesignator=C9 NewDesignator=C139_110
Change Component Designator: OldDesignator=C10 NewDesignator=C122_111
Change Component Designator: OldDesignator=C11 NewDesignator=C166_092
Change Component Designator: OldDesignator=C12 NewDesignator=C169_099
Change Component Designator: OldDesignator=C13 NewDesignator=C173_099
Change Component Designator: OldDesignator=C14 NewDesignator=C140_086
Change Component Designator: OldDesignator=C15 NewDesignator=C153_112
Change Component Designator: OldDesignator=C16 NewDesignator=C163_097
Change Component Designator: OldDesignator=C17 NewDesignator=C155_102
Change Component Designator: OldDesignator=C18 NewDesignator=C163_060
Change Component Designator: OldDesignator=C19 NewDesignator=C163_057
Change Component Designator: OldDesignator=C20 NewDesignator=C172_067
Change Component Designator: OldDesignator=C21 NewDesignator=C172_070
Change Component Designator: OldDesignator=C22 NewDesignator=C120_058
Change Component Designator: OldDesignator=C23 NewDesignator=C115_059
Change Component Designator: OldDesignator=C24 NewDesignator=C116_100
Change Component Designator: OldDesignator=CN1 NewDesignator=CN137_048
Change Component Designator: OldDesignator=D1 NewDesignator=D126_082
Change Component Designator: OldDesignator=D2 NewDesignator=D127_095
Change Component Designator: OldDesignator=D3 NewDesignator=D096_110
Change Component Designator: OldDesignator=D4 NewDesignator=D123_079
Change Component Designator: OldDesignator=D5 NewDesignator=D123_077
Change Component Designator: OldDesignator=D6 NewDesignator=D123_074
Change Component Designator: OldDesignator=D7 NewDesignator=D123_081
Change Component Designator: OldDesignator=D8 NewDesignator=D148_111
Change Component Designator: OldDesignator=D9 NewDesignator=D148_113
Change Component Designator: OldDesignator=D10 NewDesignator=D152_115
Change Component Designator: OldDesignator=D11 NewDesignator=D152_116
Change Component Designator: OldDesignator=D12 NewDesignator=D177_056
Change Component Designator: OldDesignator=D13 NewDesignator=D169_055
Change Component Designator: OldDesignator=D14 NewDesignator=D172_055
Change Component Designator: OldDesignator=D15 NewDesignator=D171_055
Change Component Designator: OldDesignator=D16 NewDesignator=D109_099
Change Component Designator: OldDesignator=D17 NewDesignator=D104_102
Change Component Designator: OldDesignator=D18 NewDesignator=D104_101
Change Component Designator: OldDesignator=D19 NewDesignator=D104_100
Change Component Designator: OldDesignator=ESP STATUS1 NewDesignator=ESP STATUS157_129
Change Component Designator: OldDesignator=F1 NewDesignator=F141_056
Change Component Designator: OldDesignator=F2 NewDesignator=F167_060
Change Component Designator: OldDesignator=F3 NewDesignator=F112_099
Change Component Designator: OldDesignator=GNSS ANT1 NewDesignator=GNSS ANT112_047
Change Component Designator: OldDesignator=H1 NewDesignator=H096_047
Change Component Designator: OldDesignator=H2 NewDesignator=H174_128
Change Component Designator: OldDesignator=I/O NewDesignator=I/O136_093
Change Component Designator: OldDesignator=JTAG NewDesignator=JTAG149_098
Change Component Designator: OldDesignator=L1 NewDesignator=L103_057
Change Component Designator: OldDesignator=L2 NewDesignator=L117_047
Change Component Designator: OldDesignator=L3 NewDesignator=L111_110
Change Component Designator: OldDesignator=LED1 NewDesignator=LED132_129
Change Component Designator: OldDesignator=LED2 NewDesignator=LED137_129
Change Component Designator: OldDesignator=MAIN ANT1 NewDesignator=MAIN ANT098_072
Change Component Designator: OldDesignator=MICRO SD1 NewDesignator=MICRO SD169_115
Change Component Designator: OldDesignator=NET MODE1 NewDesignator=NET MODE152_129
Change Component Designator: OldDesignator=NET STATUS1 NewDesignator=NET STATUS142_129
Change Component Designator: OldDesignator=Power 1 NewDesignator=Power 141_066
Change Component Designator: OldDesignator=Power 2 NewDesignator=Power 106_098
Change Component Designator: OldDesignator=PowerOut NewDesignator=PowerOut136_062
Change Component Designator: OldDesignator=POWER SW1 NewDesignator=POWER SW126_085
Change Component Designator: OldDesignator=Q1 NewDesignator=Q132_108
Change Component Designator: OldDesignator=Q2 NewDesignator=Q137_110
Change Component Designator: OldDesignator=Q3 NewDesignator=Q-281_541
Change Component Designator: OldDesignator=Q4 NewDesignator=Q-291_-335
Change Component Designator: OldDesignator=Q5 NewDesignator=Q-272_-363
Change Component Designator: OldDesignator=Q6 NewDesignator=Q-272_-356
Change Component Designator: OldDesignator=Q7 NewDesignator=Q-272_-351
Change Component Designator: OldDesignator=Q8 NewDesignator=Q144_080
Change Component Designator: OldDesignator=Q9 NewDesignator=Q144_084
Change Component Designator: OldDesignator=R1 NewDesignator=R132_113
Change Component Designator: OldDesignator=R2 NewDesignator=R132_111
Change Component Designator: OldDesignator=R3 NewDesignator=R106_047
Change Component Designator: OldDesignator=R4 NewDesignator=R132_105
Change Component Designator: OldDesignator=R5 NewDesignator=R136_113
Change Component Designator: OldDesignator=R6 NewDesignator=R132_103
Change Component Designator: OldDesignator=R7 NewDesignator=R137_104
Change Component Designator: OldDesignator=R8 NewDesignator=R129_128
Change Component Designator: OldDesignator=R9 NewDesignator=R137_107
Change Component Designator: OldDesignator=R10 NewDesignator=R152_059
Change Component Designator: OldDesignator=R11 NewDesignator=R162_051
Change Component Designator: OldDesignator=R12 NewDesignator=R140_105
Change Component Designator: OldDesignator=R13 NewDesignator=R167_057
Change Component Designator: OldDesignator=R14 NewDesignator=R140_103
Change Component Designator: OldDesignator=R15 NewDesignator=R152_062
Change Component Designator: OldDesignator=R16 NewDesignator=R150_070
Change Component Designator: OldDesignator=R17 NewDesignator=R151_053
Change Component Designator: OldDesignator=R18 NewDesignator=R131_099
Change Component Designator: OldDesignator=R19 NewDesignator=R127_097
Change Component Designator: OldDesignator=R20 NewDesignator=R127_115
Change Component Designator: OldDesignator=R21 NewDesignator=R133_119
Change Component Designator: OldDesignator=R22 NewDesignator=R158_086
Change Component Designator: OldDesignator=R23 NewDesignator=R129_126
Change Component Designator: OldDesignator=R24 NewDesignator=R148_056
Change Component Designator: OldDesignator=R25 NewDesignator=R127_117
Change Component Designator: OldDesignator=R26 NewDesignator=R154_072
Change Component Designator: OldDesignator=R27 NewDesignator=R173_097
Change Component Designator: OldDesignator=R28 NewDesignator=R150_072
Change Component Designator: OldDesignator=R29 NewDesignator=R167_074
Change Component Designator: OldDesignator=R30 NewDesignator=R131_101
Change Component Designator: OldDesignator=R31 NewDesignator=R158_092
Change Component Designator: OldDesignator=R32 NewDesignator=R150_087
Change Component Designator: OldDesignator=R33 NewDesignator=R150_084
Change Component Designator: OldDesignator=R34 NewDesignator=R143_075
Change Component Designator: OldDesignator=R35 NewDesignator=R140_078
Change Component Designator: OldDesignator=R36 NewDesignator=R140_083
Change Component Designator: OldDesignator=R37 NewDesignator=R152_106
Change Component Designator: OldDesignator=R38 NewDesignator=R154_106
Change Component Designator: OldDesignator=R39 NewDesignator=R151_119
Change Component Designator: OldDesignator=R40 NewDesignator=R151_122
Change Component Designator: OldDesignator=R41 NewDesignator=R171_105
Change Component Designator: OldDesignator=R42 NewDesignator=R171_103
Change Component Designator: OldDesignator=R43 NewDesignator=R174_055
Change Component Designator: OldDesignator=R44 NewDesignator=R174_058
Change Component Designator: OldDesignator=R45 NewDesignator=R156_075
Change Component Designator: OldDesignator=R46 NewDesignator=R115_095
Change Component Designator: OldDesignator=R47 NewDesignator=R119_095
Change Component Designator: OldDesignator=R48 NewDesignator=R111_058
Change Component Designator: OldDesignator=R49 NewDesignator=R102_093
Change Component Designator: OldDesignator=R50 NewDesignator=R102_097
Change Component Designator: OldDesignator=R51 NewDesignator=R102_095
Change Component Designator: OldDesignator=RESET SW1 NewDesignator=RESET SW126_091
Change Component Designator: OldDesignator=SIM1 NewDesignator=SIM115_076
Change Component Designator: OldDesignator=STATUS1 NewDesignator=STATUS147_129
Change Component Designator: OldDesignator=U1 NewDesignator=U106_125
Change Component Designator: OldDesignator=U2 NewDesignator=U156_052
Change Component Designator: OldDesignator=U3 NewDesignator=U118_123
Change Component Designator: OldDesignator=U4 NewDesignator=U148_053
Change Component Designator: OldDesignator=U5 NewDesignator=U166_086
Change Component Designator: OldDesignator=U6 NewDesignator=U163_102
Change Component Designator: OldDesignator=U7 NewDesignator=U118_077
Change Component Designator: OldDesignator=U8 NewDesignator=U164_067
Change Component Designator: OldDesignator=USB1 NewDesignator=USB171_046
Change Component Designator: OldDesignator=USB2 NewDesignator=USB094_100
Change Component Designator: OldDesignator=USB BOOT SW1 NewDesignator=USB BOOT SW115_091
Change Component Designator: OldDesignator=Y1 NewDesignator=Y176_067
