Change Component Designator: OldDesignator=C1 NewDesignator=C24
Change Component Designator: OldDesignator=C2 NewDesignator=C1
Change Component Designator: OldDesignator=C3 NewDesignator=C2
Change Component Designator: OldDesignator=C6 NewDesignator=C9
Change Component Designator: OldDesignator=C7 NewDesignator=C6
Change Component Designator: OldDesignator=C8 NewDesignator=C22
Change Component Designator: OldDesignator=C9 NewDesignator=C7
Change Component Designator: OldDesignator=C10 NewDesignator=C20
Change Component Designator: OldDesignator=C11 NewDesignator=C17
Change Component Designator: OldDesignator=C12 NewDesignator=C13
Change Component Designator: OldDesignator=C13 NewDesignator=C16
Change Component Designator: OldDesignator=C14 NewDesignator=C8
Change Component Designator: OldDesignator=C15 NewDesignator=C10
Change Component Designator: OldDesignator=C16 NewDesignator=C18
Change Component Designator: OldDesignator=C17 NewDesignator=C19
Change Component Designator: OldDesignator=C18 NewDesignator=C12
Change Component Designator: OldDesignator=C19 NewDesignator=C11
Change Component Designator: OldDesignator=C20 NewDesignator=C14
Change Component Designator: OldDesignator=C21 NewDesignator=C15
Change Component Designator: OldDesignator=C22 NewDesignator=C21
Change Component Designator: OldDesignator=C24 NewDesignator=C3
Change Component Designator: OldDesignator=D1 NewDesignator=D10
Change Component Designator: OldDesignator=D2 NewDesignator=D11
Change Component Designator: OldDesignator=D3 NewDesignator=D1
Change Component Designator: OldDesignator=D4 NewDesignator=D8
Change Component Designator: OldDesignator=D5 NewDesignator=D7
Change Component Designator: OldDesignator=D7 NewDesignator=D9
Change Component Designator: OldDesignator=D8 NewDesignator=D18
Change Component Designator: OldDesignator=D9 NewDesignator=D19
Change Component Designator: OldDesignator=D10 NewDesignator=D16
Change Component Designator: OldDesignator=D11 NewDesignator=D17
Change Component Designator: OldDesignator=D13 NewDesignator=D15
Change Component Designator: OldDesignator=D14 NewDesignator=D13
Change Component Designator: OldDesignator=D15 NewDesignator=D14
Change Component Designator: OldDesignator=D16 NewDesignator=D5
Change Component Designator: OldDesignator=D17 NewDesignator=D4
Change Component Designator: OldDesignator=D18 NewDesignator=D3
Change Component Designator: OldDesignator=D19 NewDesignator=D2
Change Component Designator: OldDesignator=F1 NewDesignator=F2
Change Component Designator: OldDesignator=F2 NewDesignator=F3
Change Component Designator: OldDesignator=F3 NewDesignator=F1
Change Component Designator: OldDesignator=I/O NewDesignator=I/O1
Change Component Designator: OldDesignator=JTAG NewDesignator=JTAG1
Change Component Designator: OldDesignator=L1 NewDesignator=L3
Change Component Designator: OldDesignator=L3 NewDesignator=L1
Change Component Designator: OldDesignator=LED1 NewDesignator=LED2
Change Component Designator: OldDesignator=LED2 NewDesignator=LED1
Change Component Designator: OldDesignator=Power 1 NewDesignator=Power 2
Change Component Designator: OldDesignator=Power 2 NewDesignator=Power 1
Change Component Designator: OldDesignator=PowerOut NewDesignator=PowerOut1
Change Component Designator: OldDesignator=Q1 NewDesignator=Q9
Change Component Designator: OldDesignator=Q2 NewDesignator=Q8
Change Component Designator: OldDesignator=Q3 NewDesignator=Q7
Change Component Designator: OldDesignator=Q4 NewDesignator=Q1
Change Component Designator: OldDesignator=Q5 NewDesignator=Q4
Change Component Designator: OldDesignator=Q6 NewDesignator=Q5
Change Component Designator: OldDesignator=Q7 NewDesignator=Q6
Change Component Designator: OldDesignator=Q8 NewDesignator=Q2
Change Component Designator: OldDesignator=Q9 NewDesignator=Q3
Change Component Designator: OldDesignator=R1 NewDesignator=R41
Change Component Designator: OldDesignator=R2 NewDesignator=R40
Change Component Designator: OldDesignator=R3 NewDesignator=R1
Change Component Designator: OldDesignator=R4 NewDesignator=R39
Change Component Designator: OldDesignator=R5 NewDesignator=R36
Change Component Designator: OldDesignator=R6 NewDesignator=R38
Change Component Designator: OldDesignator=R7 NewDesignator=R34
Change Component Designator: OldDesignator=R8 NewDesignator=R43
Change Component Designator: OldDesignator=R9 NewDesignator=R35
Change Component Designator: OldDesignator=R10 NewDesignator=R13
Change Component Designator: OldDesignator=R11 NewDesignator=R17
Change Component Designator: OldDesignator=R12 NewDesignator=R33
Change Component Designator: OldDesignator=R13 NewDesignator=R18
Change Component Designator: OldDesignator=R14 NewDesignator=R32
Change Component Designator: OldDesignator=R15 NewDesignator=R14
Change Component Designator: OldDesignator=R16 NewDesignator=R9
Change Component Designator: OldDesignator=R17 NewDesignator=R15
Change Component Designator: OldDesignator=R18 NewDesignator=R3
Change Component Designator: OldDesignator=R19 NewDesignator=R2
Change Component Designator: OldDesignator=R20 NewDesignator=R44
Change Component Designator: OldDesignator=R21 NewDesignator=R37
Change Component Designator: OldDesignator=R22 NewDesignator=R25
Change Component Designator: OldDesignator=R23 NewDesignator=R42
Change Component Designator: OldDesignator=R24 NewDesignator=R8
Change Component Designator: OldDesignator=R25 NewDesignator=R45
Change Component Designator: OldDesignator=R26 NewDesignator=R16
Change Component Designator: OldDesignator=R27 NewDesignator=R20
Change Component Designator: OldDesignator=R28 NewDesignator=R10
Change Component Designator: OldDesignator=R29 NewDesignator=R19
Change Component Designator: OldDesignator=R30 NewDesignator=R4
Change Component Designator: OldDesignator=R31 NewDesignator=R26
Change Component Designator: OldDesignator=R32 NewDesignator=R12
Change Component Designator: OldDesignator=R33 NewDesignator=R11
Change Component Designator: OldDesignator=R34 NewDesignator=R7
Change Component Designator: OldDesignator=R35 NewDesignator=R6
Change Component Designator: OldDesignator=R36 NewDesignator=R5
Change Component Designator: OldDesignator=R37 NewDesignator=R31
Change Component Designator: OldDesignator=R38 NewDesignator=R28
Change Component Designator: OldDesignator=R39 NewDesignator=R29
Change Component Designator: OldDesignator=R40 NewDesignator=R30
Change Component Designator: OldDesignator=R41 NewDesignator=R24
Change Component Designator: OldDesignator=R42 NewDesignator=R23
Change Component Designator: OldDesignator=R43 NewDesignator=R22
Change Component Designator: OldDesignator=R44 NewDesignator=R21
Change Component Designator: OldDesignator=R45 NewDesignator=R27
Change Component Designator: OldDesignator=R46 NewDesignator=R47
Change Component Designator: OldDesignator=R47 NewDesignator=R46
Change Component Designator: OldDesignator=R49 NewDesignator=R51
Change Component Designator: OldDesignator=R50 NewDesignator=R49
Change Component Designator: OldDesignator=R51 NewDesignator=R50
Change Component Designator: OldDesignator=U2 NewDesignator=U4
Change Component Designator: OldDesignator=U3 NewDesignator=U2
Change Component Designator: OldDesignator=U4 NewDesignator=U3
Change Component Designator: OldDesignator=U7 NewDesignator=U8
Change Component Designator: OldDesignator=U8 NewDesignator=U7
Change Component Designator: OldDesignator=USB1 NewDesignator=USB2
Change Component Designator: OldDesignator=USB2 NewDesignator=USB1
