Change Component Designator: Old Designator=C1 New Designator=C7
Change Component Designator: Old Designator=C2 New Designator=C9
Change Component Designator: Old Designator=C3 New Designator=C4
Change Component Designator: Old Designator=C4 New Designator=C15
Change Component Designator: Old Designator=C7 New Designator=C3
Change Component Designator: Old Designator=C9 New Designator=C10
Change Component Designator: Old Designator=C10 New Designator=C19
Change Component Designator: Old Designator=C11 New Designator=C24
Change Component Designator: Old Designator=C12 New Designator=C17
Change Component Designator: Old Designator=C13 New Designator=C16
Change Component Designator: Old Designator=C15 New Designator=C2
Change Component Designator: Old Designator=C17 New Designator=C1
Change Component Designator: Old Designator=C19 New Designator=C22
Change Component Designator: Old Designator=C20 New Designator=C23
Change Component Designator: Old Designator=C21 New Designator=C18
Change Component Designator: Old Designator=C22 New Designator=C11
Change Component Designator: Old Designator=C23 New Designator=C12
Change Component Designator: Old Designator=C24 New Designator=C13
Change Component Designator: Old Designator=C25 New Designator=C14
Change Component Designator: Old Designator=C26 New Designator=C20
Change Component Designator: Old Designator=C27 New Designator=C21
Change Component Designator: Old Designator=D2 New Designator=D7
Change Component Designator: Old Designator=D3 New Designator=D4
Change Component Designator: Old Designator=D4 New Designator=D5
Change Component Designator: Old Designator=D5 New Designator=D6
Change Component Designator: Old Designator=D6 New Designator=D11
Change Component Designator: Old Designator=D7 New Designator=D3
Change Component Designator: Old Designator=D8 New Designator=D10
Change Component Designator: Old Designator=D10 New Designator=D8
Change Component Designator: Old Designator=D12 New Designator=D2
Change Component Designator: Old Designator=D16 New Designator=D1
Change Component Designator: Old Designator=D19 New Designator=D12
Change Component Designator: Old Designator=D20 New Designator=D13
Change Component Designator: Old Designator=D21 New Designator=D14
Change Component Designator: Old Designator=D22 New Designator=D15
Change Component Designator: Old Designator=D23 New Designator=D16
Change Component Designator: Old Designator=D24 New Designator=D17
Change Component Designator: Old Designator=D25 New Designator=D18
Change Component Designator: Old Designator=D26 New Designator=D19
Change Component Designator: Old Designator=F2 New Designator=F1
Change Component Designator: Old Designator=F? New Designator=F2
Change Component Designator: Old Designator=F? New Designator=F3
Change Component Designator: Old Designator=H1 New Designator=H2
Change Component Designator: Old Designator=H2 New Designator=H1
Change Component Designator: Old Designator=L1 New Designator=L3
Change Component Designator: Old Designator=L3 New Designator=L1
Change Component Designator: Old Designator=LED1 New Designator=LED2
Change Component Designator: Old Designator=LED2 New Designator=LED1
Change Component Designator: Old Designator=P? New Designator=P1
Change Component Designator: Old Designator=Power 12 New Designator=Power 1
Change Component Designator: Old Designator=Power ? New Designator=Power 2
Change Component Designator: Old Designator=Q5 New Designator=Q7
Change Component Designator: Old Designator=Q8 New Designator=Q6
Change Component Designator: Old Designator=Q9 New Designator=Q5
Change Component Designator: Old Designator=Q10 New Designator=Q2
Change Component Designator: Old Designator=Q11 New Designator=Q1
Change Component Designator: Old Designator=Q12 New Designator=Q3
Change Component Designator: Old Designator=Q13 New Designator=Q4
Change Component Designator: Old Designator=Q18 New Designator=Q8
Change Component Designator: Old Designator=Q19 New Designator=Q9
Change Component Designator: Old Designator=R1 New Designator=R26
Change Component Designator: Old Designator=R2 New Designator=R28
Change Component Designator: Old Designator=R3 New Designator=R16
Change Component Designator: Old Designator=R4 New Designator=R15
Change Component Designator: Old Designator=R5 New Designator=R10
Change Component Designator: Old Designator=R6 New Designator=R24
Change Component Designator: Old Designator=R7 New Designator=R13
Change Component Designator: Old Designator=R8 New Designator=R17
Change Component Designator: Old Designator=R9 New Designator=R11
Change Component Designator: Old Designator=R10 New Designator=R3
Change Component Designator: Old Designator=R11 New Designator=R8
Change Component Designator: Old Designator=R12 New Designator=R23
Change Component Designator: Old Designator=R13 New Designator=R40
Change Component Designator: Old Designator=R14 New Designator=R39
Change Component Designator: Old Designator=R15 New Designator=R21
Change Component Designator: Old Designator=R16 New Designator=R25
Change Component Designator: Old Designator=R17 New Designator=R20
Change Component Designator: Old Designator=R18 New Designator=R1
Change Component Designator: Old Designator=R19 New Designator=R5
Change Component Designator: Old Designator=R20 New Designator=R2
Change Component Designator: Old Designator=R21 New Designator=R37
Change Component Designator: Old Designator=R22 New Designator=R9
Change Component Designator: Old Designator=R23 New Designator=R41
Change Component Designator: Old Designator=R24 New Designator=R38
Change Component Designator: Old Designator=R25 New Designator=R12
Change Component Designator: Old Designator=R26 New Designator=R4
Change Component Designator: Old Designator=R27 New Designator=R42
Change Component Designator: Old Designator=R28 New Designator=R7
Change Component Designator: Old Designator=R29 New Designator=R6
Change Component Designator: Old Designator=R30 New Designator=R14
Change Component Designator: Old Designator=R31 New Designator=R27
Change Component Designator: Old Designator=R32 New Designator=R43
Change Component Designator: Old Designator=R33 New Designator=R44
Change Component Designator: Old Designator=R34 New Designator=R47
Change Component Designator: Old Designator=R35 New Designator=R46
Change Component Designator: Old Designator=R36 New Designator=R22
Change Component Designator: Old Designator=R37 New Designator=R45
Change Component Designator: Old Designator=R38 New Designator=R49
Change Component Designator: Old Designator=R39 New Designator=R50
Change Component Designator: Old Designator=R40 New Designator=R51
Change Component Designator: Old Designator=R42 New Designator=R48
Change Component Designator: Old Designator=R63 New Designator=R18
Change Component Designator: Old Designator=R64 New Designator=R31
Change Component Designator: Old Designator=R65 New Designator=R32
Change Component Designator: Old Designator=R66 New Designator=R33
Change Component Designator: Old Designator=R67 New Designator=R34
Change Component Designator: Old Designator=R68 New Designator=R35
Change Component Designator: Old Designator=R69 New Designator=R36
Change Component Designator: Old Designator=R70 New Designator=R19
Change Component Designator: Old Designator=R71 New Designator=R29
Change Component Designator: Old Designator=R72 New Designator=R30
Change Component Designator: Old Designator=U1 New Designator=U3
Change Component Designator: Old Designator=U2 New Designator=U1
Change Component Designator: Old Designator=U3 New Designator=U6
Change Component Designator: Old Designator=U5 New Designator=U2
Change Component Designator: Old Designator=U6 New Designator=U4
Change Component Designator: Old Designator=U8 New Designator=U5
Change Component Designator: Old Designator=U9 New Designator=U8
Change Component Designator: Old Designator=USB2 New Designator=USB1
Change Component Designator: Old Designator=USB3 New Designator=USB2
Change Component Designator: Old Designator=Y2 New Designator=Y1
