Removed Pin From Net: NetName=3V3 Pin=L1-
Change Component Designator: OldDesignator=C1 NewDesignator=C2
Change Component Designator: OldDesignator=C2 NewDesignator=C3
Change Component Designator: OldDesignator=C3 NewDesignator=C24
Change Component Designator: OldDesignator=C6 NewDesignator=C7
Change Component Designator: OldDesignator=C7 NewDesignator=C9
Change Component Designator: OldDesignator=C8 NewDesignator=C14
Change Component Designator: OldDesignator=C9 NewDesignator=C6
Change Component Designator: OldDesignator=C10 NewDesignator=C15
Change Component Designator: OldDesignator=C11 NewDesignator=C19
Change Component Designator: OldDesignator=C12 NewDesignator=C18
Change Component Designator: OldDesignator=C13 NewDesignator=C12
Change Component Designator: OldDesignator=C14 NewDesignator=C20
Change Component Designator: OldDesignator=C15 NewDesignator=C21
Change Component Designator: OldDesignator=C16 NewDesignator=C13
Change Component Designator: OldDesignator=C17 NewDesignator=C11
Change Component Designator: OldDesignator=C18 NewDesignator=C16
Change Component Designator: OldDesignator=C19 NewDesignator=C17
Change Component Designator: OldDesignator=C20 NewDesignator=C10
Change Component Designator: OldDesignator=C21 NewDesignator=C22
Change Component Designator: OldDesignator=C22 NewDesignator=C8
Change Component Designator: OldDesignator=C24 NewDesignator=C1
Change Component Designator: OldDesignator=D1 NewDesignator=D3
Change Component Designator: OldDesignator=D2 NewDesignator=D19
Change Component Designator: OldDesignator=D3 NewDesignator=D18
Change Component Designator: OldDesignator=D4 NewDesignator=D17
Change Component Designator: OldDesignator=D5 NewDesignator=D16
Change Component Designator: OldDesignator=D7 NewDesignator=D5
Change Component Designator: OldDesignator=D8 NewDesignator=D4
Change Component Designator: OldDesignator=D9 NewDesignator=D7
Change Component Designator: OldDesignator=D10 NewDesignator=D1
Change Component Designator: OldDesignator=D11 NewDesignator=D2
Change Component Designator: OldDesignator=D13 NewDesignator=D14
Change Component Designator: OldDesignator=D14 NewDesignator=D15
Change Component Designator: OldDesignator=D15 NewDesignator=D13
Change Component Designator: OldDesignator=D16 NewDesignator=D10
Change Component Designator: OldDesignator=D17 NewDesignator=D11
Change Component Designator: OldDesignator=D18 NewDesignator=D8
Change Component Designator: OldDesignator=D19 NewDesignator=D9
Change Component Designator: OldDesignator=F1 NewDesignator=F3
Change Component Designator: OldDesignator=F2 NewDesignator=F1
Change Component Designator: OldDesignator=F3 NewDesignator=F2
Change Component Designator: OldDesignator=I/O1 NewDesignator=I/O
Change Component Designator: OldDesignator=JTAG1 NewDesignator=JTAG
Change Component Designator: OldDesignator=L1 NewDesignator=L3
Change Component Designator: OldDesignator=L3 NewDesignator=L1
Change Component Designator: OldDesignator=LED1 NewDesignator=LED2
Change Component Designator: OldDesignator=LED2 NewDesignator=LED1
Change Component Designator: OldDesignator=Power 1 NewDesignator=Power 2
Change Component Designator: OldDesignator=Power 2 NewDesignator=Power 1
Change Component Designator: OldDesignator=PowerOut1 NewDesignator=PowerOut
Change Component Designator: OldDesignator=Q1 NewDesignator=Q4
Change Component Designator: OldDesignator=Q2 NewDesignator=Q8
Change Component Designator: OldDesignator=Q3 NewDesignator=Q9
Change Component Designator: OldDesignator=Q4 NewDesignator=Q5
Change Component Designator: OldDesignator=Q5 NewDesignator=Q6
Change Component Designator: OldDesignator=Q6 NewDesignator=Q7
Change Component Designator: OldDesignator=Q7 NewDesignator=Q3
Change Component Designator: OldDesignator=Q8 NewDesignator=Q2
Change Component Designator: OldDesignator=Q9 NewDesignator=Q1
Change Component Designator: OldDesignator=R1 NewDesignator=R3
Change Component Designator: OldDesignator=R2 NewDesignator=R19
Change Component Designator: OldDesignator=R3 NewDesignator=R18
Change Component Designator: OldDesignator=R4 NewDesignator=R30
Change Component Designator: OldDesignator=R5 NewDesignator=R36
Change Component Designator: OldDesignator=R6 NewDesignator=R35
Change Component Designator: OldDesignator=R7 NewDesignator=R34
Change Component Designator: OldDesignator=R8 NewDesignator=R24
Change Component Designator: OldDesignator=R9 NewDesignator=R16
Change Component Designator: OldDesignator=R10 NewDesignator=R28
Change Component Designator: OldDesignator=R11 NewDesignator=R33
Change Component Designator: OldDesignator=R12 NewDesignator=R32
Change Component Designator: OldDesignator=R13 NewDesignator=R10
Change Component Designator: OldDesignator=R14 NewDesignator=R15
Change Component Designator: OldDesignator=R15 NewDesignator=R17
Change Component Designator: OldDesignator=R16 NewDesignator=R26
Change Component Designator: OldDesignator=R17 NewDesignator=R11
Change Component Designator: OldDesignator=R18 NewDesignator=R13
Change Component Designator: OldDesignator=R19 NewDesignator=R29
Change Component Designator: OldDesignator=R20 NewDesignator=R27
Change Component Designator: OldDesignator=R21 NewDesignator=R44
Change Component Designator: OldDesignator=R22 NewDesignator=R43
Change Component Designator: OldDesignator=R23 NewDesignator=R42
Change Component Designator: OldDesignator=R24 NewDesignator=R41
Change Component Designator: OldDesignator=R25 NewDesignator=R22
Change Component Designator: OldDesignator=R26 NewDesignator=R31
Change Component Designator: OldDesignator=R27 NewDesignator=R45
Change Component Designator: OldDesignator=R28 NewDesignator=R38
Change Component Designator: OldDesignator=R29 NewDesignator=R39
Change Component Designator: OldDesignator=R30 NewDesignator=R40
Change Component Designator: OldDesignator=R31 NewDesignator=R37
Change Component Designator: OldDesignator=R32 NewDesignator=R14
Change Component Designator: OldDesignator=R33 NewDesignator=R12
Change Component Designator: OldDesignator=R34 NewDesignator=R7
Change Component Designator: OldDesignator=R35 NewDesignator=R9
Change Component Designator: OldDesignator=R36 NewDesignator=R5
Change Component Designator: OldDesignator=R37 NewDesignator=R21
Change Component Designator: OldDesignator=R38 NewDesignator=R6
Change Component Designator: OldDesignator=R39 NewDesignator=R4
Change Component Designator: OldDesignator=R40 NewDesignator=R2
Change Component Designator: OldDesignator=R41 NewDesignator=R1
Change Component Designator: OldDesignator=R42 NewDesignator=R23
Change Component Designator: OldDesignator=R43 NewDesignator=R8
Change Component Designator: OldDesignator=R44 NewDesignator=R20
Change Component Designator: OldDesignator=R45 NewDesignator=R25
Change Component Designator: OldDesignator=R46 NewDesignator=R47
Change Component Designator: OldDesignator=R47 NewDesignator=R46
Change Component Designator: OldDesignator=R49 NewDesignator=R50
Change Component Designator: OldDesignator=R50 NewDesignator=R51
Change Component Designator: OldDesignator=R51 NewDesignator=R49
Change Component Designator: OldDesignator=U2 NewDesignator=U3
Change Component Designator: OldDesignator=U3 NewDesignator=U4
Change Component Designator: OldDesignator=U4 NewDesignator=U2
Change Component Designator: OldDesignator=U7 NewDesignator=U8
Change Component Designator: OldDesignator=U8 NewDesignator=U7
Change Component Designator: OldDesignator=USB1 NewDesignator=USB2
Change Component Designator: OldDesignator=USB2 NewDesignator=USB1
Add Pin To Net: Unknown Pin: Pin L3-1
Added Member To Class: ClassName=ec200u main Member=Component C2 .1uF
Added Member To Class: ClassName=ec200u main Member=Component C7 470uF
Added Member To Class: ClassName=ec200u main Member=Component C9 470uF
Added Member To Class: ClassName=ec200u main Member=Component C12 0.1UF
Added Member To Class: ClassName=ec200u main Member=Component C13 10UF
Added Member To Class: ClassName=ec200u main Member=Component C17 100nF
Added Member To Class: ClassName=ec200u main Member=Component C18 100nF
Added Member To Class: ClassName=ec200u main Member=Component C19 10Uf
Added Member To Class: ClassName=ec200u main Member=Component C20 22pf
Added Member To Class: ClassName=ec200u main Member=Component C21 22pF
Added Member To Class: ClassName=ec200u main Member=Component C22 1uF 10V
Added Member To Class: ClassName=ec200u main Member=Component C24 10Uf
Added Member To Class: ClassName=ec200u main Member=Component D3 1n5822
Added Member To Class: ClassName=ec200u main Member=Component D5 PESD5V0S1BL,315
Added Member To Class: ClassName=ec200u main Member=Component D7 PESD5V0S1BL,315
Added Member To Class: ClassName=ec200u main Member=Component D15 PESD5V0S1BL,315
Added Member To Class: ClassName=ec200u main Member=Component D16 1N5819HW-7-F
Added Member To Class: ClassName=ec200u main Member=Component D17 PESD5V0S1BL,315
Added Member To Class: ClassName=ec200u main Member=Component D18 PESD5V0S1BL,315
Added Member To Class: ClassName=ec200u main Member=Component D19 PESD5V0S1BL,315
Added Member To Class: ClassName=ec200u main Member=Component F1 F=4A
Added Member To Class: ClassName=ec200u main Member=Component F3 F=1.0 A
Added Member To Class: ClassName=ec200u main Member=Component L3 DRC-V-822K
Added Member To Class: ClassName=ec200u main Member=Component LED2 Red
Added Member To Class: ClassName=ec200u main Member=Component NET MODE1 Red
Added Member To Class: ClassName=ec200u main Member=Component Power 2 Header 2
Added Member To Class: ClassName=ec200u main Member=Component Q1 S8050
Added Member To Class: ClassName=ec200u main Member=Component Q4 BSS138
Added Member To Class: ClassName=ec200u main Member=Component Q5 BSS138
Added Member To Class: ClassName=ec200u main Member=Component Q7 BSS138
Added Member To Class: ClassName=ec200u main Member=Component Q8 BC847B
Added Member To Class: ClassName=ec200u main Member=Component Q9 BC847B
Added Member To Class: ClassName=ec200u main Member=Component R9 47K
Added Member To Class: ClassName=ec200u main Member=Component R13 4.7K
Added Member To Class: ClassName=ec200u main Member=Component R17 120
Added Member To Class: ClassName=ec200u main Member=Component R18 47K
Added Member To Class: ClassName=ec200u main Member=Component R19 47K
Added Member To Class: ClassName=ec200u main Member=Component R22 330
Added Member To Class: ClassName=ec200u main Member=Component R27 10K
Added Member To Class: ClassName=ec200u main Member=Component R29 0
Added Member To Class: ClassName=ec200u main Member=Component R30 0
Added Member To Class: ClassName=ec200u main Member=Component R31 3.3K
Added Member To Class: ClassName=ec200u main Member=Component R32 0
Added Member To Class: ClassName=ec200u main Member=Component R33 0
Added Member To Class: ClassName=ec200u main Member=Component R34 10K
Added Member To Class: ClassName=ec200u main Member=Component R35 0
Added Member To Class: ClassName=ec200u main Member=Component R36 10K
Added Member To Class: ClassName=ec200u main Member=Component R37 4.7K
Added Member To Class: ClassName=ec200u main Member=Component R38 4.7K
Added Member To Class: ClassName=ec200u main Member=Component R40 4.7K
Added Member To Class: ClassName=ec200u main Member=Component R41 120K
Added Member To Class: ClassName=ec200u main Member=Component R42 10K
Added Member To Class: ClassName=ec200u main Member=Component R43 5.1K
Added Member To Class: ClassName=ec200u main Member=Component R45 0
Added Member To Class: ClassName=ec200u main Member=Component R47 0
Added Member To Class: ClassName=ec200u main Member=Component R51 0
Added Member To Class: ClassName=ec200u main Member=Component U4 SM712
Added Member To Class: ClassName=ec200u main Member=Component U8
Added Member To Class: ClassName=ec200u main Member=Component USB2 USB TYPE C 16 PIN
Added Room: Name=ec200u main
