Change Component Designator: OldDesignator=C1 NewDesignator=C15
Change Component Designator: OldDesignator=C2 NewDesignator=C7
Change Component Designator: OldDesignator=C4 NewDesignator=C5
Change Component Designator: OldDesignator=C5 NewDesignator=C6
Change Component Designator: OldDesignator=C6 NewDesignator=C1
Change Component Designator: OldDesignator=C7 NewDesignator=C8
Change Component Designator: OldDesignator=C8 NewDesignator=C2
Change Component Designator: OldDesignator=C10 NewDesignator=C4
Change Component Designator: OldDesignator=C11 NewDesignator=C13
Change Component Designator: OldDesignator=C13 NewDesignator=C18
Change Component Designator: OldDesignator=C14 NewDesignator=C16
Change Component Designator: OldDesignator=C15 NewDesignator=C14
Change Component Designator: OldDesignator=C16 NewDesignator=C10
Change Component Designator: OldDesignator=C17 NewDesignator=C21
Change Component Designator: OldDesignator=C18 NewDesignator=C11
Change Component Designator: OldDesignator=C21 NewDesignator=C17
Change Component Designator: OldDesignator=D1 NewDesignator=D16
Change Component Designator: OldDesignator=D2 NewDesignator=D12
Change Component Designator: OldDesignator=D3 NewDesignator=D7
Change Component Designator: OldDesignator=D4 NewDesignator=D3
Change Component Designator: OldDesignator=D5 NewDesignator=D4
Change Component Designator: OldDesignator=D6 NewDesignator=D5
Change Component Designator: OldDesignator=D7 NewDesignator=D2
Change Component Designator: OldDesignator=D8 NewDesignator=D1
Change Component Designator: OldDesignator=D9 NewDesignator=D11
Change Component Designator: OldDesignator=D11 NewDesignator=D9
Change Component Designator: OldDesignator=D12 NewDesignator=D8
Change Component Designator: OldDesignator=D13 NewDesignator=D6
Change Component Designator: OldDesignator=D14 NewDesignator=D17
Change Component Designator: OldDesignator=D15 NewDesignator=D18
Change Component Designator: OldDesignator=D16 NewDesignator=D13
Change Component Designator: OldDesignator=D17 NewDesignator=D15
Change Component Designator: OldDesignator=D18 NewDesignator=D14
Change Component Designator: OldDesignator=ESP STATUS NewDesignator=ESP STATUS1
Change Component Designator: OldDesignator=F1 NewDesignator=F2
Change Component Designator: OldDesignator=F2 NewDesignator=F1
Change Component Designator: OldDesignator=H1 NewDesignator=H2
Change Component Designator: OldDesignator=H2 NewDesignator=H1
Change Component Designator: OldDesignator=L1 NewDesignator=L2
Change Component Designator: OldDesignator=L2 NewDesignator=L1
Change Component Designator: OldDesignator=LED4 NewDesignator=LED2
Change Component Designator: OldDesignator=LED5 NewDesignator=LED1
Change Component Designator: OldDesignator=MAIN ANT NewDesignator=MAIN ANT1
Change Component Designator: OldDesignator=NET MODE NewDesignator=NET MODE1
Change Component Designator: OldDesignator=NET STATUS NewDesignator=NET STATUS1
Change Component Designator: OldDesignator=Q1 NewDesignator=Q11
Change Component Designator: OldDesignator=Q2 NewDesignator=Q10
Change Component Designator: OldDesignator=Q3 NewDesignator=Q12
Change Component Designator: OldDesignator=Q4 NewDesignator=Q9
Change Component Designator: OldDesignator=Q5 NewDesignator=Q8
Change Component Designator: OldDesignator=Q6 NewDesignator=Q5
Change Component Designator: OldDesignator=Q7 NewDesignator=Q2
Change Component Designator: OldDesignator=Q8 NewDesignator=Q7
Change Component Designator: OldDesignator=Q9 NewDesignator=Q4
Change Component Designator: OldDesignator=Q10 NewDesignator=Q17
Change Component Designator: OldDesignator=Q11 NewDesignator=Q14
Change Component Designator: OldDesignator=Q12 NewDesignator=Q6
Change Component Designator: OldDesignator=Q13 NewDesignator=Q1
Change Component Designator: OldDesignator=Q14 NewDesignator=Q3
Change Component Designator: OldDesignator=Q15 NewDesignator=Q13
Change Component Designator: OldDesignator=Q16 NewDesignator=Q15
Change Component Designator: OldDesignator=Q17 NewDesignator=Q16
Change Component Designator: OldDesignator=R1 NewDesignator=R18
Change Component Designator: OldDesignator=R2 NewDesignator=R20
Change Component Designator: OldDesignator=R3 NewDesignator=R10
Change Component Designator: OldDesignator=R4 NewDesignator=R26
Change Component Designator: OldDesignator=R5 NewDesignator=R19
Change Component Designator: OldDesignator=R6 NewDesignator=R29
Change Component Designator: OldDesignator=R7 NewDesignator=R28
Change Component Designator: OldDesignator=R8 NewDesignator=R11
Change Component Designator: OldDesignator=R9 NewDesignator=R22
Change Component Designator: OldDesignator=R10 NewDesignator=R5
Change Component Designator: OldDesignator=R11 NewDesignator=R9
Change Component Designator: OldDesignator=R12 NewDesignator=R7
Change Component Designator: OldDesignator=R13 NewDesignator=R25
Change Component Designator: OldDesignator=R14 NewDesignator=R3
Change Component Designator: OldDesignator=R15 NewDesignator=R4
Change Component Designator: OldDesignator=R16 NewDesignator=R30
Change Component Designator: OldDesignator=R17 NewDesignator=R8
Change Component Designator: OldDesignator=R18 NewDesignator=R17
Change Component Designator: OldDesignator=R19 NewDesignator=R15
Change Component Designator: OldDesignator=R20 NewDesignator=R36
Change Component Designator: OldDesignator=R21 NewDesignator=R12
Change Component Designator: OldDesignator=R22 NewDesignator=R6
Change Component Designator: OldDesignator=R23 NewDesignator=R16
Change Component Designator: OldDesignator=R24 NewDesignator=R1
Change Component Designator: OldDesignator=R25 NewDesignator=R38
Change Component Designator: OldDesignator=R26 NewDesignator=R37
Change Component Designator: OldDesignator=R27 NewDesignator=R2
Change Component Designator: OldDesignator=R28 NewDesignator=R21
Change Component Designator: OldDesignator=R29 NewDesignator=R24
Change Component Designator: OldDesignator=R30 NewDesignator=R14
Change Component Designator: OldDesignator=R31 NewDesignator=R13
Change Component Designator: OldDesignator=R32 NewDesignator=R23
Change Component Designator: OldDesignator=R33 NewDesignator=R27
Change Component Designator: OldDesignator=R34 NewDesignator=R53
Change Component Designator: OldDesignator=R35 NewDesignator=R48
Change Component Designator: OldDesignator=R36 NewDesignator=R47
Change Component Designator: OldDesignator=R37 NewDesignator=R51
Change Component Designator: OldDesignator=R38 NewDesignator=R45
Change Component Designator: OldDesignator=R39 NewDesignator=R49
Change Component Designator: OldDesignator=R40 NewDesignator=R52
Change Component Designator: OldDesignator=R41 NewDesignator=R46
Change Component Designator: OldDesignator=R42 NewDesignator=R50
Change Component Designator: OldDesignator=R43 NewDesignator=R32
Change Component Designator: OldDesignator=R44 NewDesignator=R40
Change Component Designator: OldDesignator=R45 NewDesignator=R54
Change Component Designator: OldDesignator=R46 NewDesignator=R60
Change Component Designator: OldDesignator=R47 NewDesignator=R39
Change Component Designator: OldDesignator=R48 NewDesignator=R58
Change Component Designator: OldDesignator=R49 NewDesignator=R63
Change Component Designator: OldDesignator=R50 NewDesignator=R55
Change Component Designator: OldDesignator=R51 NewDesignator=R61
Change Component Designator: OldDesignator=R52 NewDesignator=R57
Change Component Designator: OldDesignator=R53 NewDesignator=R35
Change Component Designator: OldDesignator=R54 NewDesignator=R41
Change Component Designator: OldDesignator=R55 NewDesignator=R56
Change Component Designator: OldDesignator=R56 NewDesignator=R62
Change Component Designator: OldDesignator=R57 NewDesignator=R59
Change Component Designator: OldDesignator=R58 NewDesignator=R34
Change Component Designator: OldDesignator=R59 NewDesignator=R44
Change Component Designator: OldDesignator=R60 NewDesignator=R33
Change Component Designator: OldDesignator=R61 NewDesignator=R43
Change Component Designator: OldDesignator=R62 NewDesignator=R42
Change Component Designator: OldDesignator=R63 NewDesignator=R31
Change Component Designator: OldDesignator=STATUS NewDesignator=STATUS1
Change Component Designator: OldDesignator=U1 NewDesignator=U2
Change Component Designator: OldDesignator=U2 NewDesignator=U5
Change Component Designator: OldDesignator=U3 NewDesignator=U1
Change Component Designator: OldDesignator=U4 NewDesignator=U6
Change Component Designator: OldDesignator=U5 NewDesignator=U3
Change Component Designator: OldDesignator=U6 NewDesignator=U4
Change Component Designator: OldDesignator=USB1 NewDesignator=USB2
Change Component Designator: OldDesignator=USB2 NewDesignator=USB1
